[temp]2021/10/12 - 09:17:51.212	[34minfo[0m	E:/go-temp/src/initialize/router.go:34	router register success
[temp]2021/10/12 - 09:19:59.819	[31merror[0m	E:/go-temp/src/api/sys_user.go:122	æ³¨å†Œå¤±è´¥!	{"err": "ç”¨æˆ·åå·²æ³¨å†Œ"}
[temp]2021/10/12 - 10:57:03.006	[31merror[0m	E:/go-temp/src/api/sys_user.go:122	æ³¨å†Œå¤±è´¥!	{"err": "ç”¨æˆ·åå·²æ³¨å†Œ"}
[temp]2021/10/12 - 10:57:58.629	[34minfo[0m	E:/go-temp/src/initialize/router.go:34	router register success
[temp]2021/10/12 - 11:00:19.105	[31merror[0m	E:/go-temp/src/api/sys_user.go:122	æ³¨å†Œå¤±è´¥!	{"err": "ç”¨æˆ·åå·²æ³¨å†Œ"}
[temp]2021/10/12 - 11:00:24.289	[31merror[0m	E:/go-temp/src/api/sys_user.go:122	æ³¨å†Œå¤±è´¥!	{"err": "ç”¨æˆ·åå·²æ³¨å†Œ"}
[temp]2021/10/12 - 11:00:25.378	[31merror[0m	E:/go-temp/src/api/sys_user.go:122	æ³¨å†Œå¤±è´¥!	{"err": "ç”¨æˆ·åå·²æ³¨å†Œ"}
[temp]2021/10/12 - 11:00:25.932	[31merror[0m	E:/go-temp/src/api/sys_user.go:122	æ³¨å†Œå¤±è´¥!	{"err": "ç”¨æˆ·åå·²æ³¨å†Œ"}
[temp]2021/10/12 - 13:58:10.221	[31merror[0m	E:/go-temp/src/api/sys_user.go:122	æ³¨å†Œå¤±è´¥!	{"err": "ç”¨æˆ·åå·²æ³¨å†Œ"}
[temp]2021/10/12 - 15:09:57.401	[34minfo[0m	E:/go-temp/src/initialize/router.go:34	router register success
[temp]2021/10/12 - 15:12:29.612	[31merror[0m	E:/go-temp/src/api/sys_user.go:144	ä¿®æ”¹å¤±è´¥!	{"err": "record not found"}
[temp]2021/10/12 - 15:12:35.241	[31merror[0m	E:/go-temp/src/api/sys_user.go:144	ä¿®æ”¹å¤±è´¥!	{"err": "record not found"}
[temp]2021/10/12 - 15:13:28.829	[31merror[0m	E:/go-temp/src/api/sys_user.go:144	ä¿®æ”¹å¤±è´¥!	{"err": "record not found"}
[temp]2021/10/12 - 15:15:44.946	[34minfo[0m	E:/go-temp/src/initialize/router.go:34	router register success
[temp]2021/10/12 - 15:18:04.497	[34minfo[0m	E:/go-temp/src/initialize/router.go:34	router register success
[temp]2021/10/12 - 15:21:42.658	[34minfo[0m	E:/go-temp/src/initialize/router.go:34	router register success
[temp]2021/10/12 - 16:04:33.290	[31merror[0m	E:/go-temp/src/api/sys_user.go:145	ä¿®æ”¹å¤±è´¥!	{"err": "invalid connection"}
[temp]2021/10/12 - 16:38:16.008	[31merror[0m	E:/go-temp/src/api/sys_user.go:145	ä¿®æ”¹å¤±è´¥!	{"err": "invalid connection"}
[temp]2021/10/12 - 16:38:42.451	[34minfo[0m	E:/go-temp/src/initialize/router.go:34	router register success
[temp]2021/10/12 - 18:44:52.055	[34minfo[0m	E:/go-temp/src/initialize/router.go:34	router register success
[temp]2021/10/12 - 18:50:54.617	[34minfo[0m	E:/go-temp/src/initialize/router.go:34	router register success
[temp]2021/10/12 - 18:52:18.677	[34minfo[0m	E:/go-temp/src/initialize/router.go:34	router register success
[temp]2021/10/12 - 18:54:31.845	[34minfo[0m	E:/go-temp/src/initialize/router.go:34	router register success
[temp]2021/10/12 - 19:02:35.913	[34minfo[0m	E:/go-temp/src/initialize/router.go:34	router register success
[temp]2021/10/12 - 19:03:35.803	[34minfo[0m	E:/go-temp/src/initialize/router.go:34	router register success
[temp]2021/10/12 - 19:05:51.360	[34minfo[0m	E:/go-temp/src/initialize/router.go:34	router register success
[temp]2021/10/12 - 19:08:09.772	[34minfo[0m	E:/go-temp/src/initialize/router.go:34	router register success
[temp]2021/10/12 - 19:08:38.172	[34minfo[0m	E:/go-temp/src/initialize/router.go:34	router register success
[temp]2021/10/12 - 19:09:46.459	[34minfo[0m	E:/go-temp/src/initialize/router.go:34	router register success
[temp]2021/10/12 - 19:13:47.769	[31merror[0m	E:/go-temp/src/api/sys_user.go:145	ä¿®æ”¹å¤±è´¥!	{"err": "record not found"}
[temp]2021/10/12 - 19:14:07.291	[31merror[0m	E:/go-temp/src/api/sys_user.go:145	ä¿®æ”¹å¤±è´¥!	{"err": "record not found"}
[temp]2021/10/12 - 19:15:04.297	[31merror[0m	E:/go-temp/src/api/sys_user.go:145	ä¿®æ”¹å¤±è´¥!	{"err": "record not found"}
[temp]2021/10/12 - 19:15:06.253	[31merror[0m	E:/go-temp/src/api/sys_user.go:145	ä¿®æ”¹å¤±è´¥!	{"err": "record not found"}
[temp]2021/10/12 - 19:15:07.422	[31merror[0m	E:/go-temp/src/api/sys_user.go:145	ä¿®æ”¹å¤±è´¥!	{"err": "record not found"}
[temp]2021/10/12 - 19:15:33.933	[31merror[0m	E:/go-temp/src/api/sys_user.go:145	ä¿®æ”¹å¤±è´¥!	{"err": "record not found"}
[temp]2021/10/12 - 19:15:35.634	[31merror[0m	E:/go-temp/src/api/sys_user.go:145	ä¿®æ”¹å¤±è´¥!	{"err": "record not found"}
[temp]2021/10/12 - 19:16:10.604	[31merror[0m	E:/go-temp/src/api/sys_user.go:145	ä¿®æ”¹å¤±è´¥!	{"err": "record not found"}
[temp]2021/10/12 - 19:16:31.880	[31merror[0m	E:/go-temp/src/api/sys_user.go:145	ä¿®æ”¹å¤±è´¥!	{"err": "record not found"}
[temp]2021/10/12 - 19:16:34.615	[31merror[0m	E:/go-temp/src/api/sys_user.go:145	ä¿®æ”¹å¤±è´¥!	{"err": "record not found"}
[temp]2021/10/12 - 19:16:49.200	[31merror[0m	E:/go-temp/src/api/sys_user.go:145	ä¿®æ”¹å¤±è´¥!	{"err": "record not found"}
[temp]2021/10/12 - 19:16:53.833	[31merror[0m	E:/go-temp/src/api/sys_user.go:145	ä¿®æ”¹å¤±è´¥!	{"err": "record not found"}
[temp]2021/10/12 - 19:17:02.329	[31merror[0m	E:/go-temp/src/api/sys_user.go:145	ä¿®æ”¹å¤±è´¥!	{"err": "record not found"}
[temp]2021/10/12 - 19:17:35.450	[31merror[0m	E:/go-temp/src/api/sys_user.go:145	ä¿®æ”¹å¤±è´¥!	{"err": "record not found"}
[temp]2021/10/12 - 19:17:36.701	[31merror[0m	E:/go-temp/src/api/sys_user.go:145	ä¿®æ”¹å¤±è´¥!	{"err": "record not found"}
[temp]2021/10/12 - 19:17:46.693	[31merror[0m	E:/go-temp/src/api/sys_user.go:145	ä¿®æ”¹å¤±è´¥!	{"err": "record not found"}
[temp]2021/10/12 - 19:17:48.620	[31merror[0m	E:/go-temp/src/api/sys_user.go:145	ä¿®æ”¹å¤±è´¥!	{"err": "record not found"}
[temp]2021/10/12 - 19:17:49.177	[31merror[0m	E:/go-temp/src/api/sys_user.go:145	ä¿®æ”¹å¤±è´¥!	{"err": "record not found"}
[temp]2021/10/12 - 19:17:49.344	[31merror[0m	E:/go-temp/src/api/sys_user.go:145	ä¿®æ”¹å¤±è´¥!	{"err": "record not found"}
[temp]2021/10/12 - 19:17:49.515	[31merror[0m	E:/go-temp/src/api/sys_user.go:145	ä¿®æ”¹å¤±è´¥!	{"err": "record not found"}
[temp]2021/10/12 - 19:17:50.124	[31merror[0m	E:/go-temp/src/api/sys_user.go:145	ä¿®æ”¹å¤±è´¥!	{"err": "record not found"}
[temp]2021/10/12 - 19:17:50.662	[31merror[0m	E:/go-temp/src/api/sys_user.go:145	ä¿®æ”¹å¤±è´¥!	{"err": "record not found"}
[temp]2021/10/12 - 19:17:51.299	[31merror[0m	E:/go-temp/src/api/sys_user.go:145	ä¿®æ”¹å¤±è´¥!	{"err": "record not found"}
[temp]2021/10/12 - 19:17:51.641	[31merror[0m	E:/go-temp/src/api/sys_user.go:145	ä¿®æ”¹å¤±è´¥!	{"err": "record not found"}
[temp]2021/10/12 - 19:17:51.771	[31merror[0m	E:/go-temp/src/api/sys_user.go:145	ä¿®æ”¹å¤±è´¥!	{"err": "record not found"}
[temp]2021/10/12 - 19:17:52.518	[31merror[0m	E:/go-temp/src/api/sys_user.go:145	ä¿®æ”¹å¤±è´¥!	{"err": "record not found"}
[temp]2021/10/12 - 19:18:57.550	[31merror[0m	E:/go-temp/src/api/sys_user.go:31	ç™»é™†å¤±è´¥! ç”¨æˆ·åä¸å­˜åœ¨æˆ–è€…å¯†ç é”™è¯¯!	{"err": "record not found"}
[temp]2021/10/12 - 19:19:46.639	[31merror[0m	E:/go-temp/src/api/sys_user.go:31	ç™»é™†å¤±è´¥! ç”¨æˆ·åä¸å­˜åœ¨æˆ–è€…å¯†ç é”™è¯¯!	{"err": "record not found"}
[temp]2021/10/12 - 19:22:30.447	[31merror[0m	E:/go-temp/src/api/sys_user.go:31	ç™»é™†å¤±è´¥! ç”¨æˆ·åä¸å­˜åœ¨æˆ–è€…å¯†ç é”™è¯¯!	{"err": "record not found"}
[temp]2021/10/12 - 19:22:58.198	[31merror[0m	E:/go-temp/src/api/sys_user.go:31	ç™»é™†å¤±è´¥! ç”¨æˆ·åä¸å­˜åœ¨æˆ–è€…å¯†ç é”™è¯¯!	{"err": "record not found"}
[temp]2021/10/12 - 19:25:27.705	[31merror[0m	E:/go-temp/src/api/sys_user.go:31	ç™»é™†å¤±è´¥! ç”¨æˆ·åä¸å­˜åœ¨æˆ–è€…å¯†ç é”™è¯¯!	{"err": "record not found"}
[temp]2021/10/12 - 19:27:58.145	[31merror[0m	E:/go-temp/src/api/sys_user.go:145	ä¿®æ”¹å¤±è´¥!	{"err": "record not found"}
[temp]2021/10/12 - 19:31:08.714	[31merror[0m	E:/go-temp/src/api/sys_user.go:31	ç™»é™†å¤±è´¥! ç”¨æˆ·åä¸å­˜åœ¨æˆ–è€…å¯†ç é”™è¯¯!	{"err": "record not found"}
[temp]2021/10/12 - 19:32:24.979	[34minfo[0m	E:/go-temp/src/initialize/router.go:34	router register success
[temp]2021/10/12 - 19:32:34.247	[31merror[0m	E:/go-temp/src/api/sys_user.go:31	ç™»é™†å¤±è´¥! ç”¨æˆ·åä¸å­˜åœ¨æˆ–è€…å¯†ç é”™è¯¯!	{"err": "record not found"}
[temp]2021/10/12 - 19:33:41.427	[34minfo[0m	E:/go-temp/src/initialize/router.go:34	router register success
[temp]2021/10/12 - 19:33:56.043	[31merror[0m	E:/go-temp/src/api/sys_user.go:31	ç™»é™†å¤±è´¥! ç”¨æˆ·åä¸å­˜åœ¨æˆ–è€…å¯†ç é”™è¯¯!	{"err": "record not found"}
